{
  "stats": {
    "suites": 1,
    "tests": 5,
    "passes": 5,
    "pending": 0,
    "failures": 0,
    "start": "2019-12-20T02:03:16.310Z",
    "end": "2019-12-20T02:03:17.742Z",
    "duration": 1432,
    "testsRegistered": 5,
    "passPercent": 100,
    "pendingPercent": 0,
    "other": 0,
    "hasOther": false,
    "skipped": 0,
    "hasSkipped": false,
    "passPercentClass": "success",
    "pendingPercentClass": "danger"
  },
  "suites": {
    "uuid": "102c1c47-e2be-437f-b952-be918d7bc94d",
    "title": "",
    "fullFile": "",
    "file": "",
    "beforeHooks": [],
    "afterHooks": [],
    "tests": [],
    "suites": [
      {
        "uuid": "77a62791-d52d-40c7-a579-1ffaa2c62d37",
        "title": "OMDB Movie List",
        "fullFile": "/Users/adhistria/Documents/Mocha/api/test/movie-list-test.js",
        "file": "/api/test/movie-list-test.js",
        "beforeHooks": [],
        "afterHooks": [],
        "tests": [
          {
            "title": "@get Get OMBD Movie List Correctly",
            "fullTitle": "OMDB Movie List @get Get OMBD Movie List Correctly",
            "timedOut": false,
            "duration": 195,
            "state": "passed",
            "speed": "slow",
            "pass": true,
            "fail": false,
            "pending": false,
            "code": "const response = await page.getMovieList(apiKey, keySearch);\nconsole.log(response.body.Search[0].Title);\nassert(response.status).to.equal(200);",
            "err": {},
            "isRoot": false,
            "uuid": "92b280ca-b8d6-4a8e-b768-af95466bc348",
            "isHook": false,
            "skipped": false
          },
          {
            "title": "@get When Search Key is null, get error message",
            "fullTitle": "OMDB Movie List @get When Search Key is null, get error message",
            "timedOut": false,
            "duration": 142,
            "state": "passed",
            "speed": "slow",
            "pass": true,
            "fail": false,
            "pending": false,
            "code": "const response = await page.getMovieList(apiKey, '');\n// console.log(response);\nassert(response.status).to.equal(200, response.body.Error);\nassert(response.body.Response).to.equal('False');\nassert(response.body.Error).to.equal('Something went wrong.');",
            "err": {},
            "isRoot": false,
            "uuid": "78724d30-4fff-4aec-922d-87730ecc8fa2",
            "isHook": false,
            "skipped": false
          },
          {
            "title": "@get When API Key is false, get error message",
            "fullTitle": "OMDB Movie List @get When API Key is false, get error message",
            "timedOut": false,
            "duration": 607,
            "state": "passed",
            "speed": "slow",
            "pass": true,
            "fail": false,
            "pending": false,
            "code": "const response = await page.getMovieList(apiKeyfalse, keySearch);\nassert(response.status).to.equal(401, response.body.Error);\nassert(response.body.Response).to.equal('False');\nassert(response.body.Error).to.equal('Invalid API key!');",
            "err": {},
            "isRoot": false,
            "uuid": "e1f7923b-606b-4c34-810b-550d8f575f4d",
            "isHook": false,
            "skipped": false
          },
          {
            "title": "@get When API key is null, get error message",
            "fullTitle": "OMDB Movie List @get When API key is null, get error message",
            "timedOut": false,
            "duration": 353,
            "state": "passed",
            "speed": "slow",
            "pass": true,
            "fail": false,
            "pending": false,
            "code": "const response = await page.getMovieList(keyEmpty, keySearch);\nassert(response.status).to.equal(401, response.body.Error);\nassert(response.body.Response).to.equal('False');\nassert(response.body.Error).to.equal('No API key provided.');",
            "err": {},
            "isRoot": false,
            "uuid": "1ea19f88-5ab7-4cbb-9be4-cb621c83b7c4",
            "isHook": false,
            "skipped": false
          },
          {
            "title": "@get When title is not found, get error message",
            "fullTitle": "OMDB Movie List @get When title is not found, get error message",
            "timedOut": false,
            "duration": 124,
            "state": "passed",
            "speed": "slow",
            "pass": true,
            "fail": false,
            "pending": false,
            "code": "const response = await page.getMovieList(apiKey, titlenotfound);\nassert(response.status).to.equal(200, response.body.Error);\nassert(response.body.Response).to.equal('False');\nassert(response.body.Error).to.equal('Movie not found!');",
            "err": {},
            "isRoot": false,
            "uuid": "812b55ed-7a72-4cf8-9510-3d9c2406a27a",
            "isHook": false,
            "skipped": false
          }
        ],
        "suites": [],
        "passes": [
          "92b280ca-b8d6-4a8e-b768-af95466bc348",
          "78724d30-4fff-4aec-922d-87730ecc8fa2",
          "e1f7923b-606b-4c34-810b-550d8f575f4d",
          "1ea19f88-5ab7-4cbb-9be4-cb621c83b7c4",
          "812b55ed-7a72-4cf8-9510-3d9c2406a27a"
        ],
        "failures": [],
        "pending": [],
        "skipped": [],
        "duration": 1421,
        "root": false,
        "rootEmpty": false,
        "_timeout": 180000
      }
    ],
    "passes": [],
    "failures": [],
    "pending": [],
    "skipped": [],
    "duration": 0,
    "root": true,
    "rootEmpty": true,
    "_timeout": 180000
  },
  "copyrightYear": 2019
}